<?xml version="1.0" encoding="UTF-8"?>
<!-- Generated by org.testng.reporters.JUnitReportReporter -->
<testsuite skipped="0" hostname="om-PC" name="com.orangeHRM.qa.tests.LoginPageTest" tests="2" failures="0" timestamp="29 Sep 2018 09:43:22 GMT" time="13.352" errors="0">
  <testcase name="verifyElements" time="6.691" classname="com.orangeHRM.qa.tests.LoginPageTest"/>
  <testcase name="VerifyUserlogin" time="6.661" classname="com.orangeHRM.qa.tests.LoginPageTest"/>
</testsuite> <!-- com.orangeHRM.qa.tests.LoginPageTest -->
